#
# There is insufficient memory for the Java Runtime Environment to continue.
# Native memory allocation (mmap) failed to map 65536 bytes for Failed to commit area from 0x000001b6ebc50000 to 0x000001b6ebc60000 of length 65536.
# Possible reasons:
#   The system is out of physical RAM or swap space
#   The process is running with CompressedOops enabled, and the Java Heap may be blocking the growth of the native heap
# Possible solutions:
#   Reduce memory load on the system
#   Increase physical memory or swap space
#   Check if swap backing store is full
#   Decrease Java heap size (-Xmx/-Xms)
#   Decrease number of Java threads
#   Decrease Java thread stack sizes (-Xss)
#   Set larger code cache with -XX:ReservedCodeCacheSize=
# This output file may be truncated or incomplete.
#
#  Out of Memory Error (./open/src/hotspot/os/windows/os_windows.cpp:3273), pid=8544, tid=16516
#
# JRE version:  (11.0.11+9) (build )
# Java VM: Java HotSpot(TM) 64-Bit Server VM (11.0.11+9-LTS-194, mixed mode, sharing, tiered, compressed oops, g1 gc, windows-amd64)
# No core dump will be written. Minidumps are not enabled by default on client versions of Windows
#

---------------  S U M M A R Y ------------

Command Line: 

Host: Intel(R) Core(TM) i7-8750H CPU @ 2.20GHz, 12 cores, 15G,  Windows 10 , 64 bit Build 19041 (10.0.19041.1202)
Time: Wed Oct 27 17:25:27 2021 SE Asia Standard Time elapsed time: 0.019005 seconds (0d 0h 0m 0s)

---------------  T H R E A D  ---------------

Current thread (0x000001b6ce90d000):  JavaThread "Unknown thread" [_thread_in_vm, id=16516, stack(0x0000009777e00000,0x0000009777f00000)]

Stack: [0x0000009777e00000,0x0000009777f00000]
Native frames: (J=compiled Java code, j=interpreted, Vv=VM code, C=native code)
V  [jvm.dll+0x616f2a]
V  [jvm.dll+0x74de7f]
V  [jvm.dll+0x74f505]
V  [jvm.dll+0x74fb83]
V  [jvm.dll+0x2436d8]
V  [jvm.dll+0x61431a]
V  [jvm.dll+0x6090f5]
V  [jvm.dll+0x2f7eec]
V  [jvm.dll+0x2f7d72]
V  [jvm.dll+0x2fcb40]
V  [jvm.dll+0x33f015]
V  [jvm.dll+0x33ea20]
V  [jvm.dll+0x2d5608]
V  [jvm.dll+0x2d6766]
V  [jvm.dll+0x7299e7]
V  [jvm.dll+0x72b28f]
V  [jvm.dll+0x34bd39]
V  [jvm.dll+0x70f360]
V  [jvm.dll+0x3b50df]
V  [jvm.dll+0x3b71e1]
C  [jli.dll+0x520b]
C  [ucrtbase.dll+0x21bb2]
C  [KERNEL32.DLL+0x17034]
C  [ntdll.dll+0x52651]


---------------  P R O C E S S  ---------------

Threads class SMR info:
_java_thread_list=0x000001b6cc6fb600, length=0, elements={
}

Java Threads: ( => current thread )

Other Threads:
  0x000001b6ce923000 GCTaskThread "GC Thread#0" [stack: 0x0000009777f00000,0x0000009778000000] [id=14172]
  0x000001b6ce980000 ConcurrentGCThread "G1 Main Marker" [stack: 0x0000009778000000,0x0000009778100000] [id=7500]
  0x000001b6ce981800 ConcurrentGCThread "G1 Conc#0" [stack: 0x0000009778100000,0x0000009778200000] [id=20224]

[error occurred during error reporting (printing all threads), id 0xc0000005, EXCEPTION_ACCESS_VIOLATION (0xc0000005) at pc=0x00007ffb85724857]

VM state:not at safepoint (not fully initialized)

VM Mutex/Monitor currently owned by a thread:  ([mutex/lock_event])
[0x000001b6ce90a5e0] Heap_lock - owner thread: 0x000001b6ce90d000

Heap address: 0x0000000702400000, size: 4060 MB, Compressed Oops mode: Non-zero based: 0x0000000702400000
Narrow klass base: 0x0000000000000000, Narrow klass shift: 0

GC Heap History (0 events):
No events

Deoptimization events (0 events):
No events

Classes redefined (0 events):
No events

Internal exceptions (0 events):
No events

Events (0 events):
No events


Dynamic libraries:
0x00007ff671650000 - 0x00007ff67165f000 	C:\Program Files\Java\jdk-11.0.11\bin\java.exe
0x00007ffc0e870000 - 0x00007ffc0ea65000 	C:\WINDOWS\SYSTEM32\ntdll.dll
0x00007ffc0cf20000 - 0x00007ffc0cfde000 	C:\WINDOWS\System32\KERNEL32.DLL
0x00007ffc0c4b0000 - 0x00007ffc0c779000 	C:\WINDOWS\System32\KERNELBASE.dll
0x00007ffc0c080000 - 0x00007ffc0c180000 	C:\WINDOWS\System32\ucrtbase.dll
0x00007ffbe2100000 - 0x00007ffbe2118000 	C:\Program Files\Java\jdk-11.0.11\bin\jli.dll
0x00007ffbdaab0000 - 0x00007ffbdaac5000 	C:\Program Files\Java\jdk-11.0.11\bin\VCRUNTIME140.dll
0x00007ffc0d7a0000 - 0x00007ffc0d84c000 	C:\WINDOWS\System32\ADVAPI32.dll
0x00007ffc0cfe0000 - 0x00007ffc0d07e000 	C:\WINDOWS\System32\msvcrt.dll
0x00007ffc0dfe0000 - 0x00007ffc0e07b000 	C:\WINDOWS\System32\sechost.dll
0x00007ffc0cdf0000 - 0x00007ffc0cf1a000 	C:\WINDOWS\System32\RPCRT4.dll
0x00007ffc0d860000 - 0x00007ffc0da01000 	C:\WINDOWS\System32\USER32.dll
0x00007ffbf1d30000 - 0x00007ffbf1fca000 	C:\WINDOWS\WinSxS\amd64_microsoft.windows.common-controls_6595b64144ccf1df_6.0.19041.1110_none_60b5254171f9507e\COMCTL32.dll
0x00007ffc0c890000 - 0x00007ffc0c8b2000 	C:\WINDOWS\System32\win32u.dll
0x00007ffc0d140000 - 0x00007ffc0d16b000 	C:\WINDOWS\System32\GDI32.dll
0x00007ffc0c780000 - 0x00007ffc0c88b000 	C:\WINDOWS\System32\gdi32full.dll
0x00007ffc0bfe0000 - 0x00007ffc0c07d000 	C:\WINDOWS\System32\msvcp_win.dll
0x00007ffc05190000 - 0x00007ffc0519a000 	C:\WINDOWS\SYSTEM32\VERSION.dll
0x00007ffc0d170000 - 0x00007ffc0d1a0000 	C:\WINDOWS\System32\IMM32.DLL
0x00007ffba6610000 - 0x00007ffba66ab000 	C:\Program Files\Java\jdk-11.0.11\bin\msvcp140.dll
0x00007ffb85440000 - 0x00007ffb85f3e000 	C:\Program Files\Java\jdk-11.0.11\bin\server\jvm.dll
0x00007ffc0cbb0000 - 0x00007ffc0cbb8000 	C:\WINDOWS\System32\PSAPI.DLL
0x00007ffbf9320000 - 0x00007ffbf9329000 	C:\WINDOWS\SYSTEM32\WSOCK32.dll
0x00007ffbfb470000 - 0x00007ffbfb497000 	C:\WINDOWS\SYSTEM32\WINMM.dll
0x00007ffc0e7c0000 - 0x00007ffc0e82b000 	C:\WINDOWS\System32\WS2_32.dll
0x00007ffc0a800000 - 0x00007ffc0a812000 	C:\WINDOWS\SYSTEM32\kernel.appcore.dll
0x00007ffbe4b40000 - 0x00007ffbe4b50000 	C:\Program Files\Java\jdk-11.0.11\bin\verify.dll
0x00007ffc09c30000 - 0x00007ffc09e14000 	C:\WINDOWS\SYSTEM32\DBGHELP.DLL
0x00007ffbf4430000 - 0x00007ffbf445c000 	C:\WINDOWS\SYSTEM32\dbgcore.DLL
0x00007ffc0c420000 - 0x00007ffc0c4a3000 	C:\WINDOWS\System32\bcryptPrimitives.dll
0x00007ffbd6d90000 - 0x00007ffbd6db8000 	C:\Program Files\Java\jdk-11.0.11\bin\java.dll
0x00007ffbe4740000 - 0x00007ffbe474a000 	C:\Program Files\Java\jdk-11.0.11\bin\jimage.dll
0x00007ffbd3b10000 - 0x00007ffbd3b26000 	C:\Program Files\Java\jdk-11.0.11\bin\zip.dll

dbghelp: loaded successfully - version: 4.0.5 - missing functions: none
symbol engine: initialized successfully - sym options: 0x614 - pdb path: .;C:\Program Files\Java\jdk-11.0.11\bin;C:\WINDOWS\SYSTEM32;C:\WINDOWS\WinSxS\amd64_microsoft.windows.common-controls_6595b64144ccf1df_6.0.19041.1110_none_60b5254171f9507e;C:\Program Files\Java\jdk-11.0.11\bin\server

VM Arguments:
java_command: <unknown>
java_class_path (initial): <not set>
Launcher Type: SUN_STANDARD

[Global flags]
     intx CICompilerCount                          = 4                                         {product} {ergonomic}
     uint ConcGCThreads                            = 3                                         {product} {ergonomic}
     uint G1ConcRefinementThreads                  = 10                                        {product} {ergonomic}
   size_t G1HeapRegionSize                         = 1048576                                   {product} {ergonomic}
    uintx GCDrainStackTargetSize                   = 64                                        {product} {ergonomic}
   size_t InitialHeapSize                          = 266338304                                 {product} {ergonomic}
   size_t MarkStackSize                            = 4194304                                   {product} {ergonomic}
   size_t MaxHeapSize                              = 4257218560                                {product} {ergonomic}
   size_t MinHeapDeltaBytes                        = 1048576                                   {product} {ergonomic}
    uintx NonNMethodCodeHeapSize                   = 5836300                                {pd product} {ergonomic}
    uintx NonProfiledCodeHeapSize                  = 122910970                              {pd product} {ergonomic}
    uintx ProfiledCodeHeapSize                     = 122910970                              {pd product} {ergonomic}
    uintx ReservedCodeCacheSize                    = 251658240                              {pd product} {ergonomic}
     bool SegmentedCodeCache                       = true                                      {product} {ergonomic}
     bool UseCompressedClassPointers               = true                                 {lp64_product} {ergonomic}
     bool UseCompressedOops                        = true                                 {lp64_product} {ergonomic}
     bool UseG1GC                                  = true                                      {product} {ergonomic}
     bool UseLargePagesIndividualAllocation        = false                                  {pd product} {ergonomic}

Logging:
Log output configuration:
 #0: stdout all=warning uptime,level,tags
 #1: stderr all=off uptime,level,tags

Environment Variables:
PATH=E:\Telkom\code\ama-ideabox-mobile-new\android\node_modules\.bin;E:\Telkom\code\ama-ideabox-mobile-new\node_modules\.bin;E:\Telkom\code\node_modules\.bin;E:\Telkom\node_modules\.bin;E:\node_modules\.bin;E:\File\NodeJs;C:\Users\62821\AppData\Local\Temp\yarn--1635330315157-0.4988393557914903;E:\Telkom\code\ama-ideabox-mobile-new\node_modules\.bin;C:\Users\62821\AppData\Local\Yarn\Data\link\node_modules\.bin;C:\Users\62821\AppData\Local\Yarn\bin;E:\File\libexec\lib\node_modules\npm\bin\node-gyp-bin;E:\File\lib\node_modules\npm\bin\node-gyp-bin;E:\File\NodeJs\node_modules\npm\bin\node-gyp-bin;C:\Program Files\Common Files\Oracle\Java\javapath;C:\Program Files\AdoptOpenJDK\jdk-15.0.2.7-hotspot\bin;C:\Program Files (x86)\Intel\Intel(R) Management Engine Components\iCLS\;C:\Program Files\Intel\Intel(R) Management Engine Components\iCLS\;C:\Windows\system32;C:\Windows;C:\Windows\System32\Wbem;C:\Windows\System32\WindowsPowerShell\v1.0\;C:\Program Files (x86)\Intel\Intel(R) Management Engine Components\DAL;C:\Program Files\Intel\Intel(R) Management Engine Components\DAL;C:\Program Files (x86)\Intel\Intel(R) Management Engine Components\IPT;C:\Program Files\Intel\Intel(R) Management Engine Components\IPT;C:\Program Files (x86)\NVIDIA Corporation\PhysX\Common;C:\Program Files\Intel\WiFi\bin\;C:\Program Files\Common Files\Intel\WirelessCommon\;C:\WINDOWS\system32;C:\WINDOWS;C:\WINDOWS\System32\Wbem;C:\WINDOWS\System32\WindowsPowerShell\v1.0\;C:\WINDOWS\System32\OpenSSH\;C:\flutter\bin;C:\Program Files\Azure Data Studio\bin;C:\Program Files\NVIDIA Corporation\NVIDIA NvDLISR;E:\File\XAMPP\php;C:\ProgramData\ComposerSetup\bin;E:\File\NodeJs\;E:\File\Git\cmd;C:\Users\62821\AppData\Local\Programs\Python\Python39\Scripts\;C:\Users\62821\AppData\Local\Programs\Python\Python39\;C:\Users\62821\AppData\Local\Microsoft\WindowsApps;E:\Microsoft VS Code\bin;E:\File\Cisco\IntelliJ IDEA 2021.1\bin;;C:\flutter\bin;C:\Program Files\Azure Data Studio\bin;C:\Users\62821\AppData\Local\GitHubDeskt
USERNAME=62821
OS=Windows_NT
PROCESSOR_IDENTIFIER=Intel64 Family 6 Model 158 Stepping 10, GenuineIntel



---------------  S Y S T E M  ---------------

OS: Windows 10 , 64 bit Build 19041 (10.0.19041.1202)

CPU:total 12 (initial active 12) (6 cores per cpu, 2 threads per core) family 6 model 158 stepping 10 microcode 0xd2, cmov, cx8, fxsr, mmx, sse, sse2, sse3, ssse3, sse4.1, sse4.2, popcnt, avx, avx2, aes, clmul, erms, 3dnowpref, lzcnt, ht, tsc, tscinvbit, bmi1, bmi2, adx, fma

Memory: 4k page, system-wide physical 16238M (2759M free)
TotalPageFile size 25567M (AvailPageFile size 4M)
current process WorkingSet (physical memory assigned to process): 14M, peak: 14M
current process commit charge ("private bytes"): 325M, peak: 325M

vm_info: Java HotSpot(TM) 64-Bit Server VM (11.0.11+9-LTS-194) for windows-amd64 JRE (11.0.11+9-LTS-194), built on Mar 18 2021 18:46:53 by "mach5one" with MS VC++ 15.9 (VS2017)

END.
